[debug] [2022-12-01T18:37:07.672Z] ----------------------------------------------------------------------
[debug] [2022-12-01T18:37:07.691Z] Command:       C:\Program Files\nodejs\node.exe C:\Users\acer\AppData\Roaming\npm\node_modules\firebase-tools\lib\bin\firebase.js init hosting:github
[debug] [2022-12-01T18:37:07.692Z] CLI Version:   11.16.1
[debug] [2022-12-01T18:37:07.692Z] Platform:      win32
[debug] [2022-12-01T18:37:07.693Z] Node Version:  v16.18.0
[debug] [2022-12-01T18:37:07.805Z] Time:          Thu Dec 01 2022 19:37:07 GMT+0100 (heure normale d’Europe centrale)
[debug] [2022-12-01T18:37:07.805Z] ----------------------------------------------------------------------
[debug] 
[debug] [2022-12-01T18:37:07.832Z] >>> [apiv2][query] GET https://firebase-public.firebaseio.com/cli.json [none]
[debug] [2022-12-01T18:37:08.111Z] > command requires scopes: ["email","openid","https://www.googleapis.com/auth/cloudplatformprojects.readonly","https://www.googleapis.com/auth/firebase","https://www.googleapis.com/auth/cloud-platform"]
[debug] [2022-12-01T18:37:08.112Z] > authorizing via signed-in user (basmaneili6@gmail.com)
[info] 
     ######## #### ########  ######## ########     ###     ######  ########
     ##        ##  ##     ## ##       ##     ##  ##   ##  ##       ##
     ######    ##  ########  ######   ########  #########  ######  ######
     ##        ##  ##    ##  ##       ##     ## ##     ##       ## ##
     ##       #### ##     ## ######## ########  ##     ##  ######  ########

You're about to initialize a Firebase project in this directory:

  C:\Users\acer\netflix-remaking\src

Before we get started, keep in mind:

  * You are initializing within an existing Firebase project directory

[debug] [2022-12-01T18:37:09.725Z] <<< [apiv2][status] GET https://firebase-public.firebaseio.com/cli.json 200
[debug] [2022-12-01T18:37:09.726Z] <<< [apiv2][body] GET https://firebase-public.firebaseio.com/cli.json {"cloudBuildErrorAfter":1594252800000,"cloudBuildWarnAfter":1590019200000,"defaultNode10After":1594252800000,"minVersion":"3.0.5","node8DeploysDisabledAfter":1613390400000,"node8RuntimeDisabledAfter":1615809600000,"node8WarnAfter":1600128000000}
[info] 
=== Project Setup
[info] 
[info] First, let's associate this project directory with a Firebase project.
[info] You can create multiple project aliases by running firebase use --add, 
[info] but for now we'll just set up a default project.
[info] 
[debug] [2022-12-01T18:38:18.621Z] Using project from CLI flag: netflix-remaking
[debug] [2022-12-01T18:38:18.622Z] > refreshing access token with scopes: []
[debug] [2022-12-01T18:38:18.623Z] >>> [apiv2][query] POST https://www.googleapis.com/oauth2/v3/token [none]
[debug] [2022-12-01T18:38:18.623Z] >>> [apiv2][body] POST https://www.googleapis.com/oauth2/v3/token [omitted]
[debug] [2022-12-01T18:38:19.093Z] <<< [apiv2][status] POST https://www.googleapis.com/oauth2/v3/token 200
[debug] [2022-12-01T18:38:19.093Z] <<< [apiv2][body] POST https://www.googleapis.com/oauth2/v3/token [omitted]
[debug] [2022-12-01T18:38:19.132Z] >>> [apiv2][query] GET https://firebase.googleapis.com/v1beta1/projects/netflix-remaking [none]
[debug] [2022-12-01T18:38:19.663Z] <<< [apiv2][status] GET https://firebase.googleapis.com/v1beta1/projects/netflix-remaking 200
[debug] [2022-12-01T18:38:19.663Z] <<< [apiv2][body] GET https://firebase.googleapis.com/v1beta1/projects/netflix-remaking {"projectId":"netflix-remaking","projectNumber":"423593715111","displayName":"netflix-remaking","name":"projects/netflix-remaking","resources":{"hostingSite":"netflix-remaking"},"state":"ACTIVE","etag":"1_6231f35d-766f-4ffb-b1ae-bb4e6c5c7536"}
[info] i  Using project netflix-remaking (netflix-remaking) 
[info] 
=== Hosting:github Setup
[info] 
[info] i  Didn't detect a .git folder. Assuming C:\Users\acer\netflix-remaking\src is the project root. 
[info] i  Authorizing with GitHub to upload your service account to a GitHub repository's secrets store. 
[info] 
[info] Visit this URL on this device to log in:
[info] https://github.com/login/oauth/authorize?client_id=89cf50f02ac6aaed3484&state=557517396&redirect_uri=http%3A%2F%2Flocalhost%3A9005&scope=read%3Auser%20repo%20public_repo
[info] 
[info] Waiting for authentication...
[debug] [2022-12-01T18:39:30.105Z] >>> [apiv2][query] POST https://github.com/login/oauth/access_token [none]
[debug] [2022-12-01T18:39:30.107Z] >>> [apiv2][body] POST https://github.com/login/oauth/access_token [stream]
[debug] [2022-12-01T18:39:31.247Z] <<< [apiv2][status] POST https://github.com/login/oauth/access_token 200
[debug] [2022-12-01T18:39:31.247Z] <<< [apiv2][body] POST https://github.com/login/oauth/access_token {"access_token":"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","token_type":"bearer","scope":"read:user,repo"}
[debug] [2022-12-01T18:39:31.324Z] >>> [apiv2][query] GET https://api.github.com/user [none]
[debug] [2022-12-01T18:39:32.064Z] <<< [apiv2][status] GET https://api.github.com/user 200
[debug] [2022-12-01T18:39:32.064Z] <<< [apiv2][body] GET https://api.github.com/user {"login":"basmaneili6","id":99360994,"node_id":"U_kgDOBewg4g","avatar_url":"https://avatars.githubusercontent.com/u/99360994?v=4","gravatar_id":"","url":"https://api.github.com/users/basmaneili6","html_url":"https://github.com/basmaneili6","followers_url":"https://api.github.com/users/basmaneili6/followers","following_url":"https://api.github.com/users/basmaneili6/following{/other_user}","gists_url":"https://api.github.com/users/basmaneili6/gists{/gist_id}","starred_url":"https://api.github.com/users/basmaneili6/starred{/owner}{/repo}","subscriptions_url":"https://api.github.com/users/basmaneili6/subscriptions","organizations_url":"https://api.github.com/users/basmaneili6/orgs","repos_url":"https://api.github.com/users/basmaneili6/repos","events_url":"https://api.github.com/users/basmaneili6/events{/privacy}","received_events_url":"https://api.github.com/users/basmaneili6/received_events","type":"User","site_admin":false,"name":null,"company":null,"blog":"","location":null,"email":null,"hireable":null,"bio":null,"twitter_username":null,"public_repos":0,"public_gists":0,"followers":1,"following":0,"created_at":"2022-02-09T19:34:22Z","updated_at":"2022-12-01T15:49:52Z","private_gists":0,"total_private_repos":0,"owned_private_repos":0,"disk_usage":0,"collaborators":0,"two_factor_authentication":false,"plan":{"name":"free","space":976562499,"collaborators":0,"private_repos":10000}}
[info] 
[info] +  Success! Logged into GitHub as basmaneili6 
[info] 
[debug] [2022-12-01T18:40:22.614Z] >>> [apiv2][query] GET https://api.github.com/repos//actions/secrets/public-key type=owner
[debug] [2022-12-01T18:40:23.079Z] <<< [apiv2][status] GET https://api.github.com/repos//actions/secrets/public-key 404
[debug] [2022-12-01T18:40:23.079Z] <<< [apiv2][body] GET https://api.github.com/repos//actions/secrets/public-key {"message":"Not Found","documentation_url":"https://docs.github.com/rest"}
